[debug] [2020-05-24T12:41:48.799Z] ----------------------------------------------------------------------
[debug] [2020-05-24T12:41:48.802Z] Command:       C:\Program Files\nodejs\node.exe C:\Program Files\nodejs\node_modules\firebase-tools\lib\bin\firebase.js login
[debug] [2020-05-24T12:41:48.802Z] CLI Version:   8.4.0
[debug] [2020-05-24T12:41:48.802Z] Platform:      win32
[debug] [2020-05-24T12:41:48.802Z] Node Version:  v10.15.1
[debug] [2020-05-24T12:41:48.804Z] Time:          Sun May 24 2020 18:11:48 GMT+0530 (India Standard Time)
[debug] [2020-05-24T12:41:48.804Z] ----------------------------------------------------------------------
[debug] [2020-05-24T12:41:48.804Z] 
[info] i  Firebase optionally collects CLI usage and error reporting information to help improve our products. Data is collected in accordance with Google's privacy policy (https://policies.google.com/privacy) and is not used to identify you.
 
[info] i  To change your data collection preference at any time, run `firebase logout` and log in again. 
[info] 
[info] Visit this URL on this device to log in:
[info] https://accounts.google.com/o/oauth2/auth?client_id=563584335869-fgrhgmd47bqnekij5i8b5pr03ho849e6.apps.googleusercontent.com&scope=email%20openid%20https%3A%2F%2Fwww.googleapis.com%2Fauth%2Fcloudplatformprojects.readonly%20https%3A%2F%2Fwww.googleapis.com%2Fauth%2Ffirebase%20https%3A%2F%2Fwww.googleapis.com%2Fauth%2Fcloud-platform&response_type=code&state=846892196&redirect_uri=http%3A%2F%2Flocalhost%3A9005
[info] 
[info] Waiting for authentication...
[debug] [2020-05-24T12:42:12.999Z] Error: spawn cmd ENOENT
    at Process.ChildProcess._handle.onexit (internal/child_process.js:240:19)
    at onErrorNT (internal/child_process.js:415:16)
    at process._tickCallback (internal/process/next_tick.js:63:19)
[error] 
[error] Error: An unexpected error has occurred.
